<?xml version="1.0" encoding="UTF-8"?>
<!-- Generated by org.testng.reporters.JUnitReportReporter -->
<testsuite skipped="0" hostname="NB-11-1034" name="com.qa.POC.RunnerClass.RunnerClass" tests="1" failures="0" timestamp="07 Oct 2019 20:19:46 GMT" time="30.023" errors="0">
  <testcase name="feature" time="30.023" classname="com.qa.POC.RunnerClass.RunnerClass"/>
</testsuite> <!-- com.qa.POC.RunnerClass.RunnerClass -->
